{"C:\\Users\\Anastasia\\Desktop\\ТЕСТОВЫЕ\\future-test\\src\\shared\\ui\\Select\\index.tsx": {"path":"C:\\Users\\Anastasia\\Desktop\\ТЕСТОВЫЕ\\future-test\\src\\shared\\ui\\Select\\index.tsx","all":false,"statementMap":{"0":{"start":{"line":1,"column":0},"end":{"line":1,"column":60}},"1":{"start":{"line":2,"column":0},"end":{"line":2,"column":61}},"2":{"start":{"line":3,"column":0},"end":{"line":3,"column":0}},"3":{"start":{"line":4,"column":0},"end":{"line":4,"column":18}},"4":{"start":{"line":5,"column":0},"end":{"line":5,"column":13}},"5":{"start":{"line":6,"column":0},"end":{"line":6,"column":20}},"6":{"start":{"line":7,"column":0},"end":{"line":7,"column":16}},"7":{"start":{"line":8,"column":0},"end":{"line":8,"column":16}},"8":{"start":{"line":9,"column":0},"end":{"line":9,"column":21}},"9":{"start":{"line":10,"column":0},"end":{"line":10,"column":36}},"10":{"start":{"line":11,"column":0},"end":{"line":11,"column":1}},"11":{"start":{"line":12,"column":0},"end":{"line":12,"column":0}},"12":{"start":{"line":13,"column":0},"end":{"line":13,"column":97}},"13":{"start":{"line":14,"column":0},"end":{"line":14,"column":69}},"14":{"start":{"line":15,"column":0},"end":{"line":15,"column":0}},"15":{"start":{"line":16,"column":0},"end":{"line":16,"column":54}},"16":{"start":{"line":17,"column":0},"end":{"line":17,"column":20}},"17":{"start":{"line":18,"column":0},"end":{"line":18,"column":19}},"18":{"start":{"line":19,"column":0},"end":{"line":19,"column":4}},"19":{"start":{"line":20,"column":0},"end":{"line":20,"column":0}},"20":{"start":{"line":21,"column":0},"end":{"line":21,"column":10}},"21":{"start":{"line":22,"column":0},"end":{"line":22,"column":40}},"22":{"start":{"line":23,"column":0},"end":{"line":23,"column":12}},"23":{"start":{"line":24,"column":0},"end":{"line":24,"column":20}},"24":{"start":{"line":25,"column":0},"end":{"line":25,"column":84}},"25":{"start":{"line":26,"column":0},"end":{"line":26,"column":7}},"26":{"start":{"line":27,"column":0},"end":{"line":27,"column":16}},"27":{"start":{"line":28,"column":0},"end":{"line":28,"column":14}},"28":{"start":{"line":29,"column":0},"end":{"line":29,"column":10}},"29":{"start":{"line":30,"column":0},"end":{"line":30,"column":32}},"30":{"start":{"line":31,"column":0},"end":{"line":31,"column":15}},"31":{"start":{"line":32,"column":0},"end":{"line":32,"column":17}},"32":{"start":{"line":33,"column":0},"end":{"line":33,"column":40}},"33":{"start":{"line":34,"column":0},"end":{"line":34,"column":117}},"34":{"start":{"line":35,"column":0},"end":{"line":35,"column":7}},"35":{"start":{"line":36,"column":0},"end":{"line":36,"column":74}},"36":{"start":{"line":37,"column":0},"end":{"line":37,"column":17}},"37":{"start":{"line":38,"column":0},"end":{"line":38,"column":15}},"38":{"start":{"line":39,"column":0},"end":{"line":39,"column":22}},"39":{"start":{"line":40,"column":0},"end":{"line":40,"column":91}},"40":{"start":{"line":41,"column":0},"end":{"line":41,"column":10}},"41":{"start":{"line":42,"column":0},"end":{"line":42,"column":12}},"42":{"start":{"line":43,"column":0},"end":{"line":43,"column":18}},"43":{"start":{"line":44,"column":0},"end":{"line":44,"column":72}},"44":{"start":{"line":45,"column":0},"end":{"line":45,"column":45}},"45":{"start":{"line":46,"column":0},"end":{"line":46,"column":38}},"46":{"start":{"line":47,"column":0},"end":{"line":47,"column":17}},"47":{"start":{"line":48,"column":0},"end":{"line":48,"column":28}},"48":{"start":{"line":49,"column":0},"end":{"line":49,"column":57}},"49":{"start":{"line":50,"column":0},"end":{"line":50,"column":89}},"50":{"start":{"line":51,"column":0},"end":{"line":51,"column":85}},"51":{"start":{"line":52,"column":0},"end":{"line":52,"column":19}},"52":{"start":{"line":53,"column":0},"end":{"line":53,"column":15}},"53":{"start":{"line":54,"column":0},"end":{"line":54,"column":24}},"54":{"start":{"line":55,"column":0},"end":{"line":55,"column":19}},"55":{"start":{"line":56,"column":0},"end":{"line":56,"column":15}},"56":{"start":{"line":57,"column":0},"end":{"line":57,"column":15}},"57":{"start":{"line":58,"column":0},"end":{"line":58,"column":14}},"58":{"start":{"line":59,"column":0},"end":{"line":59,"column":8}},"59":{"start":{"line":60,"column":0},"end":{"line":60,"column":10}},"60":{"start":{"line":61,"column":0},"end":{"line":61,"column":4}},"61":{"start":{"line":62,"column":0},"end":{"line":62,"column":1}}},"s":{"0":1,"1":1,"2":1,"3":1,"4":1,"5":1,"6":1,"7":1,"8":1,"9":1,"10":1,"11":1,"12":4,"13":4,"14":4,"15":4,"16":1,"17":1,"18":1,"19":4,"20":4,"21":4,"22":4,"23":4,"24":4,"25":4,"26":4,"27":4,"28":4,"29":4,"30":4,"31":4,"32":4,"33":4,"34":4,"35":4,"36":4,"37":4,"38":4,"39":4,"40":4,"41":4,"42":4,"43":1,"44":1,"45":1,"46":2,"47":2,"48":2,"49":2,"50":2,"51":2,"52":2,"53":2,"54":2,"55":1,"56":1,"57":1,"58":4,"59":4,"60":4,"61":4},"branchMap":{"0":{"type":"branch","line":13,"loc":{"start":{"line":13,"column":0},"end":{"line":62,"column":1}},"locations":[{"start":{"line":13,"column":0},"end":{"line":62,"column":1}}]},"1":{"type":"branch","line":40,"loc":{"start":{"line":40,"column":49},"end":{"line":40,"column":73}},"locations":[{"start":{"line":40,"column":49},"end":{"line":40,"column":73}}]},"2":{"type":"branch","line":40,"loc":{"start":{"line":40,"column":58},"end":{"line":40,"column":75}},"locations":[{"start":{"line":40,"column":58},"end":{"line":40,"column":75}}]},"3":{"type":"branch","line":43,"loc":{"start":{"line":43,"column":7},"end":{"line":58,"column":14}},"locations":[{"start":{"line":43,"column":7},"end":{"line":58,"column":14}}]},"4":{"type":"branch","line":16,"loc":{"start":{"line":16,"column":28},"end":{"line":19,"column":4}},"locations":[{"start":{"line":16,"column":28},"end":{"line":19,"column":4}}]},"5":{"type":"branch","line":33,"loc":{"start":{"line":33,"column":17},"end":{"line":33,"column":40}},"locations":[{"start":{"line":33,"column":17},"end":{"line":33,"column":40}}]},"6":{"type":"branch","line":46,"loc":{"start":{"line":46,"column":25},"end":{"line":55,"column":19}},"locations":[{"start":{"line":46,"column":25},"end":{"line":55,"column":19}}]},"7":{"type":"branch","line":51,"loc":{"start":{"line":51,"column":28},"end":{"line":51,"column":55}},"locations":[{"start":{"line":51,"column":28},"end":{"line":51,"column":55}}]},"8":{"type":"branch","line":51,"loc":{"start":{"line":51,"column":37},"end":{"line":51,"column":85}},"locations":[{"start":{"line":51,"column":37},"end":{"line":51,"column":85}}]},"9":{"type":"branch","line":49,"loc":{"start":{"line":49,"column":25},"end":{"line":49,"column":57}},"locations":[{"start":{"line":49,"column":25},"end":{"line":49,"column":57}}]}},"b":{"0":[4],"1":[1],"2":[3],"3":[1],"4":[1],"5":[1],"6":[2],"7":[1],"8":[1],"9":[1]},"fnMap":{"0":{"name":"Select","decl":{"start":{"line":13,"column":0},"end":{"line":62,"column":1}},"loc":{"start":{"line":13,"column":0},"end":{"line":62,"column":1}},"line":13},"1":{"name":"handleOptionClick","decl":{"start":{"line":16,"column":28},"end":{"line":19,"column":4}},"loc":{"start":{"line":16,"column":28},"end":{"line":19,"column":4}},"line":16},"2":{"name":"onClick","decl":{"start":{"line":33,"column":17},"end":{"line":33,"column":40}},"loc":{"start":{"line":33,"column":17},"end":{"line":33,"column":40}},"line":33},"3":{"name":"onClick","decl":{"start":{"line":49,"column":25},"end":{"line":49,"column":57}},"loc":{"start":{"line":49,"column":25},"end":{"line":49,"column":57}},"line":49}},"f":{"0":4,"1":1,"2":1,"3":1}}
}
